0 info it worked if it ends with ok
1 verbose cli [ '/usr/local/Cellar/node/0.10.26/bin/node',
1 verbose cli   '/usr/local/bin/npm',
1 verbose cli   'owner',
1 verbose cli   'add',
1 verbose cli   'weltonrodrigo',
1 verbose cli   'importio-signer-heroku' ]
2 info using npm@1.4.3
3 info using node@v0.10.26
4 verbose owner add weltonrodrigo to importio-signer-heroku
5 verbose url raw /-/user/org.couchdb.user:weltonrodrigo
6 verbose url resolving [ 'https://registry.npmjs.org/',
6 verbose url resolving   './-/user/org.couchdb.user:weltonrodrigo' ]
7 verbose url resolved https://registry.npmjs.org/-/user/org.couchdb.user:weltonrodrigo
8 info trying registry request attempt 1 at 02:16:35
9 http GET https://registry.npmjs.org/-/user/org.couchdb.user:weltonrodrigo
10 http 200 https://registry.npmjs.org/-/user/org.couchdb.user:weltonrodrigo
11 silly registry.get cb [ 200,
11 silly registry.get   { date: 'Tue, 24 Jun 2014 06:16:40 GMT',
11 silly registry.get     server: 'CouchDB/1.5.0 (Erlang OTP/R14B04)',
11 silly registry.get     etag: '"2-1540babb06dc06974f7f3d76f59ebbd5"',
11 silly registry.get     'content-type': 'application/json',
11 silly registry.get     'cache-control': 'max-age=30',
11 silly registry.get     'content-length': '1163',
11 silly registry.get     'accept-ranges': 'bytes',
11 silly registry.get     via: '1.1 varnish',
11 silly registry.get     'x-served-by': 'cache-iad2123-IAD',
11 silly registry.get     'x-cache': 'MISS',
11 silly registry.get     'x-cache-hits': '0',
11 silly registry.get     'x-timer': 'S1403590600.280085,VS0,VE6',
11 silly registry.get     'keep-alive': 'timeout=10, max=50',
11 silly registry.get     connection: 'Keep-Alive' } ]
12 verbose url raw importio-signer-heroku
13 verbose url resolving [ 'https://registry.npmjs.org/', './importio-signer-heroku' ]
14 verbose url resolved https://registry.npmjs.org/importio-signer-heroku
15 info trying registry request attempt 1 at 02:16:40
16 http GET https://registry.npmjs.org/importio-signer-heroku
17 http 404 https://registry.npmjs.org/importio-signer-heroku
18 silly registry.get cb [ 404,
18 silly registry.get   { date: 'Tue, 24 Jun 2014 06:16:41 GMT',
18 silly registry.get     server: 'CouchDB/1.5.0 (Erlang OTP/R14B04)',
18 silly registry.get     'content-type': 'application/json',
18 silly registry.get     'cache-control': 'max-age=0',
18 silly registry.get     'content-length': '52',
18 silly registry.get     'accept-ranges': 'bytes',
18 silly registry.get     via: '1.1 varnish',
18 silly registry.get     age: '0',
18 silly registry.get     'x-served-by': 'cache-iad2129-IAD',
18 silly registry.get     'x-cache': 'MISS',
18 silly registry.get     'x-cache-hits': '0',
18 silly registry.get     'x-timer': 'S1403590601.517125,VS0,VE9',
18 silly registry.get     'keep-alive': 'timeout=10, max=50',
18 silly registry.get     connection: 'Keep-Alive' } ]
19 error owner mutate Error getting package data for importio-signer-heroku
20 error 404 'importio-signer-heroku' is not in the npm registry.
20 error 404 You should bug the author to publish it
20 error 404
20 error 404 Note that you can also install from a
20 error 404 tarball, folder, or http url, or git url.
21 error System Darwin 13.2.0
22 error command "/usr/local/Cellar/node/0.10.26/bin/node" "/usr/local/bin/npm" "owner" "add" "weltonrodrigo" "importio-signer-heroku"
23 error cwd /Users/weltonnascimento/Documents/Projetos/Signed
24 error node -v v0.10.26
25 error npm -v 1.4.3
26 error code E404
27 verbose exit [ 1, true ]
